<?xml version="1.0" encoding="UTF-8"?>
<testsuite xmlns:xsi="http://www.w3.org/2001/XMLSchema-instance" xsi:noNamespaceSchemaLocation="https://maven.apache.org/surefire/maven-surefire-plugin/xsd/surefire-test-report-3.0.xsd" version="3.0" name="tn.esprit.spring.service.UniversiteServiceImplTest" time="14.413" tests="7" errors="0" skipped="0" failures="0">
  <properties>
[...]
</properties>
  <testcase name="testAjouterUniversite" classname="tn.esprit.spring.service.UniversiteServiceImplTest" time="0.247">
    <system-out><![CDATA[22:19:19.024 [main] INFO org.springframework.test.context.support.AnnotationConfigContextLoaderUtils -- Could not detect default configuration classes for test class [tn.esprit.spring.service.UniversiteServiceImplTest]: UniversiteServiceImplTest does not declare any static, non-private, non-final, nested classes annotated with @Configuration.
22:19:19.212 [main] INFO org.springframework.boot.test.context.SpringBootTestContextBootstrapper -- Found @SpringBootConfiguration tn.esprit.spring.FoyerApplication for test class tn.esprit.spring.service.UniversiteServiceImplTest

  .   ____          _            __ _ _
 /\\ / ___'_ __ _ _(_)_ __  __ _ \ \ \ \
( ( )\___ | '_ | '_| | '_ \/ _` | \ \ \ \
 \\/  ___)| |_)| | | | | || (_| |  ) ) ) )
  '  |____| .__|_| |_|_| |_\__, | / / / /
 =========|_|==============|___/=/_/_/_/
 :: Spring Boot ::                (v3.1.5)

2025-03-09T22:19:19.915+01:00  INFO 75972 --- [           main] t.e.s.service.UniversiteServiceImplTest  : Starting UniversiteServiceImplTest using Java 17.0.8.1 with PID 75972 (started by amena in C:\Users\amena\OneDrive\Bureau\Devops\devops)
2025-03-09T22:19:19.918+01:00  INFO 75972 --- [           main] t.e.s.service.UniversiteServiceImplTest  : No active profile set, falling back to 1 default profile: "default"
2025-03-09T22:19:21.349+01:00  INFO 75972 --- [           main] .s.d.r.c.RepositoryConfigurationDelegate : Bootstrapping Spring Data JPA repositories in DEFAULT mode.
2025-03-09T22:19:21.470+01:00  INFO 75972 --- [           main] .s.d.r.c.RepositoryConfigurationDelegate : Finished Spring Data repository scanning in 110 ms. Found 6 JPA repository interfaces.
2025-03-09T22:19:22.706+01:00  INFO 75972 --- [           main] o.hibernate.jpa.internal.util.LogHelper  : HHH000204: Processing PersistenceUnitInfo [name: default]
2025-03-09T22:19:22.817+01:00  INFO 75972 --- [           main] org.hibernate.Version                    : HHH000412: Hibernate ORM core version 6.2.13.Final
2025-03-09T22:19:22.822+01:00  INFO 75972 --- [           main] org.hibernate.cfg.Environment            : HHH000406: Using bytecode reflection optimizer
2025-03-09T22:19:23.512+01:00  INFO 75972 --- [           main] o.s.o.j.p.SpringPersistenceUnitInfo      : No LoadTimeWeaver setup: ignoring JPA class transformer
2025-03-09T22:19:23.555+01:00  INFO 75972 --- [           main] com.zaxxer.hikari.HikariDataSource       : HikariPool-1 - Starting...
2025-03-09T22:19:23.915+01:00  INFO 75972 --- [           main] com.zaxxer.hikari.pool.HikariPool        : HikariPool-1 - Added connection com.mysql.cj.jdbc.ConnectionImpl@538aa83f
2025-03-09T22:19:23.918+01:00  INFO 75972 --- [           main] com.zaxxer.hikari.HikariDataSource       : HikariPool-1 - Start completed.
2025-03-09T22:19:24.017+01:00  WARN 75972 --- [           main] org.hibernate.dialect.Dialect            : HHH000511: The 5.5.0 version for [org.hibernate.dialect.MySQLDialect] is no longer supported, hence certain features may not work properly. The minimum supported version is 5.7.0. Check the community dialects project for available legacy versions.
2025-03-09T22:19:25.798+01:00  INFO 75972 --- [           main] o.h.e.t.j.p.i.JtaPlatformInitiator       : HHH000489: No JTA platform available (set 'hibernate.transaction.jta.platform' to enable JTA platform integration)
2025-03-09T22:19:26.511+01:00  INFO 75972 --- [           main] j.LocalContainerEntityManagerFactoryBean : Initialized JPA EntityManagerFactory for persistence unit 'default'
2025-03-09T22:19:27.509+01:00  INFO 75972 --- [           main] o.s.d.j.r.query.QueryEnhancerFactory     : Hibernate is in classpath; If applicable, HQL parser will be used.
2025-03-09T22:19:29.847+01:00  WARN 75972 --- [           main] JpaBaseConfiguration$JpaWebConfiguration : spring.jpa.open-in-view is enabled by default. Therefore, database queries may be performed during view rendering. Explicitly configure spring.jpa.open-in-view to disable this warning
2025-03-09T22:19:31.173+01:00  INFO 75972 --- [           main] t.e.s.service.UniversiteServiceImplTest  : Started UniversiteServiceImplTest in 11.68 seconds (process running for 13.561)
Test terminé !
]]></system-out>
  </testcase>
  <testcase name="testRecupererTousLesUniversites" classname="tn.esprit.spring.service.UniversiteServiceImplTest" time="0.015">
    <system-out><![CDATA[Test terminé !
]]></system-out>
  </testcase>
  <testcase name="testRecupererUniversiteParId" classname="tn.esprit.spring.service.UniversiteServiceImplTest" time="0.019">
    <system-out><![CDATA[Test terminé !
]]></system-out>
  </testcase>
  <testcase name="testSupprimerUniversite" classname="tn.esprit.spring.service.UniversiteServiceImplTest" time="0.024">
    <system-out><![CDATA[Test terminé !
]]></system-out>
  </testcase>
  <testcase name="testRepetition" classname="tn.esprit.spring.service.UniversiteServiceImplTest" time="0.013">
    <system-out><![CDATA[Test terminé !
]]></system-out>
  </testcase>
  <testcase name="testRepetition" classname="tn.esprit.spring.service.UniversiteServiceImplTest" time="0.011">
    <system-out><![CDATA[Test terminé !
]]></system-out>
  </testcase>
  <testcase name="testRepetition" classname="tn.esprit.spring.service.UniversiteServiceImplTest" time="0.006">
    <system-out><![CDATA[Test terminé !
]]></system-out>
  </testcase>
</testsuite>