<?xml version="1.0" encoding="UTF-8"?>
<testsuite xmlns:xsi="http://www.w3.org/2001/XMLSchema-instance" xsi:noNamespaceSchemaLocation="https://maven.apache.org/surefire/maven-surefire-plugin/xsd/surefire-test-report-3.0.xsd" version="3.0" name="tn.esprit.spring.services.Foyer.FoyerServiceTest" time="2.885" tests="9" errors="0" skipped="0" failures="0">
  <properties>
[...]
</properties>
  <testcase name="testAjoutFoyerEtBlocs" classname="tn.esprit.spring.services.Foyer.FoyerServiceTest" time="2.727">
    <system-err><![CDATA[WARNING: A Java agent has been loaded dynamically (C:\Users\elfid\.m2\repository\net\bytebuddy\byte-buddy-agent\1.14.9\byte-buddy-agent-1.14.9.jar)
WARNING: If a serviceability tool is in use, please run with -XX:+EnableDynamicAgentLoading to hide this warning
WARNING: If a serviceability tool is not in use, please run with -Djdk.instrument.traceUsage for more information
WARNING: Dynamic loading of agents will be disallowed by default in a future release
]]></system-err>
  </testcase>
  <testcase name="testFindAll" classname="tn.esprit.spring.services.Foyer.FoyerServiceTest" time="0.009"/>
  <testcase name="testAjouterFoyerEtAffecterAUniversite" classname="tn.esprit.spring.services.Foyer.FoyerServiceTest" time="0.013"/>
  <testcase name="testAddOrUpdate" classname="tn.esprit.spring.services.Foyer.FoyerServiceTest" time="0.007"/>
  <testcase name="testDesaffecterFoyerAUniversite" classname="tn.esprit.spring.services.Foyer.FoyerServiceTest" time="0.008"/>
  <testcase name="testFindById" classname="tn.esprit.spring.services.Foyer.FoyerServiceTest" time="0.007"/>
  <testcase name="testAffecterFoyerAUniversite" classname="tn.esprit.spring.services.Foyer.FoyerServiceTest" time="0.008"/>
  <testcase name="testDeleteById" classname="tn.esprit.spring.services.Foyer.FoyerServiceTest" time="0.011"/>
  <testcase name="testDelete" classname="tn.esprit.spring.services.Foyer.FoyerServiceTest" time="0.006"/>
</testsuite>